# JRE version: Java(TM) SE Runtime Environment (8.0_211-b12) (build 1.8.0_211-b12)
# Java VM: Java HotSpot(TM) 64-Bit Server VM (25.211-b12 mixed mode windows-amd64 compressed oops)
Heap:
 PSYoungGen      total 126464K, used 22754K [0x000000076af80000, 0x0000000774280000, 0x00000007c0000000)
  eden space 115712K, 19% used [0x000000076af80000,0x000000076c5b8ab8,0x0000000772080000)
  from space 10752K, 0% used [0x0000000772d80000,0x0000000772d80000,0x0000000773800000)
  to   space 8704K, 0% used [0x0000000773a00000,0x0000000773a00000,0x0000000774280000)
 ParOldGen       total 119296K, used 13603K [0x00000006c0e00000, 0x00000006c8280000, 0x000000076af80000)
  object space 119296K, 11% used [0x00000006c0e00000,0x00000006c1b48f40,0x00000006c8280000)
 Metaspace       used 34405K, capacity 36324K, committed 36568K, reserved 1083392K
  class space    used 4454K, capacity 4791K, committed 4864K, reserved 1048576K
GC Heap History (10 events):
Event: 1.865 GC heap before
{Heap before GC invocations=3 (full 0):
 PSYoungGen      total 76288K, used 12849K [0x000000076af80000, 0x0000000774480000, 0x00000007c0000000)
  eden space 65536K, 3% used [0x000000076af80000,0x000000076b194438,0x000000076ef80000)
  from space 10752K, 99% used [0x000000076fa00000,0x00000007704782d8,0x0000000770480000)
  to   space 10752K, 0% used [0x000000076ef80000,0x000000076ef80000,0x000000076fa00000)
 ParOldGen       total 175104K, used 585K [0x00000006c0e00000, 0x00000006cb900000, 0x000000076af80000)
  object space 175104K, 0% used [0x00000006c0e00000,0x00000006c0e92470,0x00000006cb900000)
 Metaspace       used 20273K, capacity 21140K, committed 21248K, reserved 1067008K
  class space    used 2530K, capacity 2722K, committed 2816K, reserved 1048576K
Event: 1.869 GC heap after
Heap after GC invocations=3 (full 0):
 PSYoungGen      total 76288K, used 5589K [0x000000076af80000, 0x0000000774480000, 0x00000007c0000000)
  eden space 65536K, 0% used [0x000000076af80000,0x000000076af80000,0x000000076ef80000)
  from space 10752K, 51% used [0x000000076ef80000,0x000000076f4f5648,0x000000076fa00000)
  to   space 10752K, 0% used [0x0000000773a00000,0x0000000773a00000,0x0000000774480000)
 ParOldGen       total 175104K, used 593K [0x00000006c0e00000, 0x00000006cb900000, 0x000000076af80000)
  object space 175104K, 0% used [0x00000006c0e00000,0x00000006c0e94470,0x00000006cb900000)
 Metaspace       used 20273K, capacity 21140K, committed 21248K, reserved 1067008K
  class space    used 2530K, capacity 2722K, committed 2816K, reserved 1048576K
}
Event: 1.869 GC heap before
{Heap before GC invocations=4 (full 1):
 PSYoungGen      total 76288K, used 5589K [0x000000076af80000, 0x0000000774480000, 0x00000007c0000000)
  eden space 65536K, 0% used [0x000000076af80000,0x000000076af80000,0x000000076ef80000)
  from space 10752K, 51% used [0x000000076ef80000,0x000000076f4f5648,0x000000076fa00000)
  to   space 10752K, 0% used [0x0000000773a00000,0x0000000773a00000,0x0000000774480000)
 ParOldGen       total 175104K, used 593K [0x00000006c0e00000, 0x00000006cb900000, 0x000000076af80000)
  object space 175104K, 0% used [0x00000006c0e00000,0x00000006c0e94470,0x00000006cb900000)
 Metaspace       used 20273K, capacity 21140K, committed 21248K, reserved 1067008K
  class space    used 2530K, capacity 2722K, committed 2816K, reserved 1048576K
Event: 1.908 GC heap after
Heap after GC invocations=4 (full 1):
 PSYoungGen      total 76288K, used 0K [0x000000076af80000, 0x0000000774480000, 0x00000007c0000000)
  eden space 65536K, 0% used [0x000000076af80000,0x000000076af80000,0x000000076ef80000)
  from space 10752K, 0% used [0x000000076ef80000,0x000000076ef80000,0x000000076fa00000)
  to   space 10752K, 0% used [0x0000000773a00000,0x0000000773a00000,0x0000000774480000)
 ParOldGen       total 84992K, used 5510K [0x00000006c0e00000, 0x00000006c6100000, 0x000000076af80000)
  object space 84992K, 6% used [0x00000006c0e00000,0x00000006c1361948,0x00000006c6100000)
 Metaspace       used 20273K, capacity 21140K, committed 21248K, reserved 1067008K
  class space    used 2530K, capacity 2722K, committed 2816K, reserved 1048576K
}
Event: 3.206 GC heap before
{Heap before GC invocations=5 (full 1):
 PSYoungGen      total 76288K, used 65536K [0x000000076af80000, 0x0000000774480000, 0x00000007c0000000)
  eden space 65536K, 100% used [0x000000076af80000,0x000000076ef80000,0x000000076ef80000)
  from space 10752K, 0% used [0x000000076ef80000,0x000000076ef80000,0x000000076fa00000)
  to   space 10752K, 0% used [0x0000000773a00000,0x0000000773a00000,0x0000000774480000)
 ParOldGen       total 84992K, used 5510K [0x00000006c0e00000, 0x00000006c6100000, 0x000000076af80000)
  object space 84992K, 6% used [0x00000006c0e00000,0x00000006c1361948,0x00000006c6100000)
 Metaspace       used 27172K, capacity 28848K, committed 29184K, reserved 1075200K
  class space    used 3467K, capacity 3776K, committed 3840K, reserved 1048576K
Event: 3.217 GC heap after
Heap after GC invocations=5 (full 1):
 PSYoungGen      total 124416K, used 8656K [0x000000076af80000, 0x0000000774280000, 0x00000007c0000000)
  eden space 115712K, 0% used [0x000000076af80000,0x000000076af80000,0x0000000772080000)
  from space 8704K, 99% used [0x0000000773a00000,0x0000000774274228,0x0000000774280000)
  to   space 10752K, 0% used [0x0000000772d80000,0x0000000772d80000,0x0000000773800000)
 ParOldGen       total 84992K, used 5518K [0x00000006c0e00000, 0x00000006c6100000, 0x000000076af80000)
  object space 84992K, 6% used [0x00000006c0e00000,0x00000006c1363948,0x00000006c6100000)
 Metaspace       used 27172K, capacity 28848K, committed 29184K, reserved 1075200K
  class space    used 3467K, capacity 3776K, committed 3840K, reserved 1048576K
}
Event: 3.988 GC heap before
{Heap before GC invocations=6 (full 1):
 PSYoungGen      total 124416K, used 62793K [0x000000076af80000, 0x0000000774280000, 0x00000007c0000000)
  eden space 115712K, 46% used [0x000000076af80000,0x000000076e45e488,0x0000000772080000)
  from space 8704K, 99% used [0x0000000773a00000,0x0000000774274228,0x0000000774280000)
  to   space 10752K, 0% used [0x0000000772d80000,0x0000000772d80000,0x0000000773800000)
 ParOldGen       total 84992K, used 5518K [0x00000006c0e00000, 0x00000006c6100000, 0x000000076af80000)
  object space 84992K, 6% used [0x00000006c0e00000,0x00000006c1363948,0x00000006c6100000)
 Metaspace       used 33293K, capacity 35274K, committed 35416K, reserved 1079296K
  class space    used 4288K, capacity 4656K, committed 4736K, reserved 1048576K
Event: 3.998 GC heap after
Heap after GC invocations=6 (full 1):
 PSYoungGen      total 126464K, used 9115K [0x000000076af80000, 0x0000000774280000, 0x00000007c0000000)
  eden space 115712K, 0% used [0x000000076af80000,0x000000076af80000,0x0000000772080000)
  from space 10752K, 84% used [0x0000000772d80000,0x0000000773666c38,0x0000000773800000)
  to   space 8704K, 0% used [0x0000000773a00000,0x0000000773a00000,0x0000000774280000)
 ParOldGen       total 84992K, used 5590K [0x00000006c0e00000, 0x00000006c6100000, 0x000000076af80000)
  object space 84992K, 6% used [0x00000006c0e00000,0x00000006c1375958,0x00000006c6100000)
 Metaspace       used 33293K, capacity 35274K, committed 35416K, reserved 1079296K
  class space    used 4288K, capacity 4656K, committed 4736K, reserved 1048576K
}
Event: 3.998 GC heap before
{Heap before GC invocations=7 (full 2):
 PSYoungGen      total 126464K, used 9115K [0x000000076af80000, 0x0000000774280000, 0x00000007c0000000)
  eden space 115712K, 0% used [0x000000076af80000,0x000000076af80000,0x0000000772080000)
  from space 10752K, 84% used [0x0000000772d80000,0x0000000773666c38,0x0000000773800000)
  to   space 8704K, 0% used [0x0000000773a00000,0x0000000773a00000,0x0000000774280000)
 ParOldGen       total 84992K, used 5590K [0x00000006c0e00000, 0x00000006c6100000, 0x000000076af80000)
  object space 84992K, 6% used [0x00000006c0e00000,0x00000006c1375958,0x00000006c6100000)
 Metaspace       used 33293K, capacity 35274K, committed 35416K, reserved 1079296K
  class space    used 4288K, capacity 4656K, committed 4736K, reserved 1048576K
Event: 4.070 GC heap after
Heap after GC invocations=7 (full 2):
 PSYoungGen      total 126464K, used 0K [0x000000076af80000, 0x0000000774280000, 0x00000007c0000000)
  eden space 115712K, 0% used [0x000000076af80000,0x000000076af80000,0x0000000772080000)
  from space 10752K, 0% used [0x0000000772d80000,0x0000000772d80000,0x0000000773800000)
  to   space 8704K, 0% used [0x0000000773a00000,0x0000000773a00000,0x0000000774280000)
 ParOldGen       total 119296K, used 13603K [0x00000006c0e00000, 0x00000006c8280000, 0x000000076af80000)
  object space 119296K, 11% used [0x00000006c0e00000,0x00000006c1b48f40,0x00000006c8280000)
 Metaspace       used 33293K, capacity 35274K, committed 35416K, reserved 1079296K
  class space    used 4288K, capacity 4656K, committed 4736K, reserved 1048576K
}

